<?xml version="1.0" encoding="UTF-8"?>
<!-- Generated by org.testng.reporters.JUnitReportReporter -->
<testsuite hostname="DESKTOP-M4GRLMR" failures="0" tests="2" name="myPackage.MyTestcases" time="12.468" errors="0" timestamp="2023-12-14T18:47:51 EET" skipped="1">
  <testcase classname="myPackage.MyTestcases" name="myAppTesting" time="12.468"/>
  <system-out/>
  <testcase classname="myPackage.MyTestcases" name="testWebsiteOnMobileBrowser">
    <skipped/>
  </testcase> <!-- testWebsiteOnMobileBrowser -->
  <system-out/>
</testsuite> <!-- myPackage.MyTestcases -->
